<?xml version="1.0" encoding="UTF-8"?>
<!-- Generated by org.testng.reporters.JUnitXMLReporter -->
<testsuite ignored="2" hostname="DESKTOP-NO6VRSL" failures="0" tests="13" name="Default test" time="70.027" errors="0" timestamp="2025-06-19T11:52:26 PDT">
  <testcase classname="orangHrmTest.orangHrmTest.AppTest" name="login" time="2.179"/>
  <testcase classname="orangHrmTest.orangHrmTest.AppTest" name="addAdmin" time="10.045"/>
  <testcase classname="orangHrmTest.orangHrmTest.AppTest" name="adminLogin" time="1.869"/>
  <testcase classname="orangHrmTest.orangHrmTest.AppTest" name="editFromAdmin" time="5.633"/>
  <testcase classname="orangHrmTest.orangHrmTest.AppTest" name="deleteFromAdmin" time="6.061"/>
  <testcase classname="orangHrmTest.orangHrmTest.AppTest" name="searchAdminRecords" time="1.289"/>
  <testcase classname="orangHrmTest.orangHrmTest.AppTest" name="addEmployee" time="9.322"/>
  <testcase classname="orangHrmTest.orangHrmTest.AppTest" name="editEmployee" time="5.08"/>
  <testcase classname="orangHrmTest.orangHrmTest.AppTest" name="deleteEmployee" time="2.946"/>
  <testcase classname="orangHrmTest.orangHrmTest.AppTest" name="employeeSearch" time="2.147"/>
  <testcase classname="orangHrmTest.orangHrmTest.AppTest" name="addEss" time="6.947"/>
  <testcase classname="orangHrmTest.orangHrmTest.AppTest" name="leaveList" time="6.431"/>
  <testcase classname="orangHrmTest.orangHrmTest.AppTest" name="essLogin" time="2.528"/>
  <testcase classname="orangHrmTest.orangHrmTest.AppTest" name="leaveFromAdmin" time="0.0">
    <ignored/>
  </testcase> <!-- leaveFromAdmin -->
  <testcase classname="orangHrmTest.orangHrmTest.AppTest" name="leaveFromEmployee" time="0.0">
    <ignored/>
  </testcase> <!-- leaveFromEmployee -->
</testsuite> <!-- Default test -->
