<?xml version="1.0" encoding="UTF-8"?>
<!-- Generated by org.testng.reporters.JUnitXMLReporter -->
<testsuite ignored="0" hostname="DESKTOP-NO6VRSL" failures="0" tests="5" name="Default test" time="22.548" errors="0" timestamp="2025-05-31T04:59:25 PDT">
  <testcase classname="orangHrmTest.orangHrmTest.AppTest" name="login" time="0.629"/>
  <testcase classname="orangHrmTest.orangHrmTest.AppTest" name="addAdmin" time="6.577"/>
  <testcase classname="orangHrmTest.orangHrmTest.AppTest" name="editAdmin" time="7.281"/>
  <testcase classname="orangHrmTest.orangHrmTest.AppTest" name="deleteAdmin" time="5.142"/>
  <testcase classname="orangHrmTest.orangHrmTest.AppTest" name="searchAdminRecords" time="0.157"/>
</testsuite> <!-- Default test -->
