<?xml version="1.0" encoding="UTF-8"?>
<testng-results ignored="0" total="5" passed="5" failed="0" skipped="0">
  <reporter-output>
  </reporter-output>
  <suite started-at="2025-05-31T04:59:03 PDT" name="Default suite" finished-at="2025-05-31T04:59:25 PDT" duration-ms="22548">
    <groups>
    </groups>
    <test started-at="2025-05-31T04:59:03 PDT" name="Default test" finished-at="2025-05-31T04:59:25 PDT" duration-ms="22548">
      <class name="orangHrmTest.orangHrmTest.AppTest">
        <test-method is-config="true" signature="mySetup()[pri:0, instance:orangHrmTest.orangHrmTest.AppTest@424ebba3]" started-at="2025-05-31T04:59:03 PDT" name="mySetup" finished-at="2025-05-31T04:59:05 PDT" duration-ms="2649" status="PASS">
          <reporter-output>
          </reporter-output>
        </test-method> <!-- mySetup -->
        <test-method signature="login()[pri:1, instance:orangHrmTest.orangHrmTest.AppTest@424ebba3]" started-at="2025-05-31T04:59:05 PDT" name="login" finished-at="2025-05-31T04:59:06 PDT" duration-ms="629" status="PASS">
          <reporter-output>
          </reporter-output>
        </test-method> <!-- login -->
        <test-method signature="addAdmin()[pri:2, instance:orangHrmTest.orangHrmTest.AppTest@424ebba3]" started-at="2025-05-31T04:59:06 PDT" name="addAdmin" finished-at="2025-05-31T04:59:13 PDT" duration-ms="6577" status="PASS">
          <reporter-output>
          </reporter-output>
        </test-method> <!-- addAdmin -->
        <test-method signature="editAdmin()[pri:3, instance:orangHrmTest.orangHrmTest.AppTest@424ebba3]" started-at="2025-05-31T04:59:13 PDT" name="editAdmin" finished-at="2025-05-31T04:59:20 PDT" duration-ms="7281" status="PASS">
          <reporter-output>
          </reporter-output>
        </test-method> <!-- editAdmin -->
        <test-method signature="deleteAdmin()[pri:4, instance:orangHrmTest.orangHrmTest.AppTest@424ebba3]" started-at="2025-05-31T04:59:20 PDT" name="deleteAdmin" finished-at="2025-05-31T04:59:25 PDT" duration-ms="5142" status="PASS">
          <reporter-output>
          </reporter-output>
        </test-method> <!-- deleteAdmin -->
        <test-method signature="searchAdminRecords()[pri:5, instance:orangHrmTest.orangHrmTest.AppTest@424ebba3]" started-at="2025-05-31T04:59:25 PDT" name="searchAdminRecords" finished-at="2025-05-31T04:59:25 PDT" duration-ms="157" status="PASS">
          <reporter-output>
          </reporter-output>
        </test-method> <!-- searchAdminRecords -->
      </class> <!-- orangHrmTest.orangHrmTest.AppTest -->
    </test> <!-- Default test -->
  </suite> <!-- Default suite -->
</testng-results>
